This file contains any messages produced by compilers while
running configure, to aid debugging if configure makes a mistake.

It was created by FreeType configure 2.7, which was
generated by GNU Autoconf 2.69.  Invocation command line was

  $ ./configure 

## --------- ##
## Platform. ##
## --------- ##

hostname = sephirot47-SATELLITE-C855-254
uname -m = i686
uname -r = 3.13.0-46-generic
uname -s = Linux
uname -v = #79-Ubuntu SMP Tue Mar 10 20:08:14 UTC 2015

/usr/bin/uname -p = unknown
/bin/uname -X     = unknown

/bin/arch              = unknown
/usr/bin/arch -k       = unknown
/usr/convex/getsysinfo = unknown
/usr/bin/hostinfo      = unknown
/bin/machine           = unknown
/usr/bin/oslevel       = unknown
/bin/universe          = unknown

PATH: /usr/local/heroku/bin
PATH: /usr/local/sbin
PATH: /usr/local/bin
PATH: /usr/sbin
PATH: /usr/bin
PATH: /sbin
PATH: /bin
PATH: /usr/games
PATH: /usr/local/games


## ----------- ##
## Core tests. ##
## ----------- ##

configure:2539: checking build system type
configure:2553: result: i686-pc-linux-gnu
configure:2573: checking host system type
configure:2586: result: i686-pc-linux-gnu
configure:2658: checking for gcc
configure:2674: found /usr/bin/gcc
configure:2685: result: gcc
configure:2914: checking for C compiler version
configure:2923: gcc --version >&5
gcc (Ubuntu 4.8.4-2ubuntu1~14.04.3) 4.8.4
Copyright (C) 2013 Free Software Foundation, Inc.
This is free software; see the source for copying conditions.  There is NO
warranty; not even for MERCHANTABILITY or FITNESS FOR A PARTICULAR PURPOSE.

configure:2934: $? = 0
configure:2923: gcc -v >&5
Using built-in specs.
COLLECT_GCC=gcc
COLLECT_LTO_WRAPPER=/usr/lib/gcc/i686-linux-gnu/4.8/lto-wrapper
Target: i686-linux-gnu
Configured with: ../src/configure -v --with-pkgversion='Ubuntu 4.8.4-2ubuntu1~14.04.3' --with-bugurl=file:///usr/share/doc/gcc-4.8/README.Bugs --enable-languages=c,c++,java,go,d,fortran,objc,obj-c++ --prefix=/usr --program-suffix=-4.8 --enable-shared --enable-linker-build-id --libexecdir=/usr/lib --without-included-gettext --enable-threads=posix --with-gxx-include-dir=/usr/include/c++/4.8 --libdir=/usr/lib --enable-nls --with-sysroot=/ --enable-clocale=gnu --enable-libstdcxx-debug --enable-libstdcxx-time=yes --enable-gnu-unique-object --disable-libmudflap --enable-plugin --with-system-zlib --disable-browser-plugin --enable-java-awt=gtk --enable-gtk-cairo --with-java-home=/usr/lib/jvm/java-1.5.0-gcj-4.8-i386/jre --enable-java-home --with-jvm-root-dir=/usr/lib/jvm/java-1.5.0-gcj-4.8-i386 --with-jvm-jar-dir=/usr/lib/jvm-exports/java-1.5.0-gcj-4.8-i386 --with-arch-directory=i386 --with-ecj-jar=/usr/share/java/eclipse-ecj.jar --enable-objc-gc --enable-targets=all --enable-multiarch --disable-werror --with-arch-32=i686 --with-multilib-list=m32,m64,mx32 --with-tune=generic --enable-checking=release --build=i686-linux-gnu --host=i686-linux-gnu --target=i686-linux-gnu
Thread model: posix
gcc version 4.8.4 (Ubuntu 4.8.4-2ubuntu1~14.04.3) 
configure:2934: $? = 0
configure:2923: gcc -V >&5
gcc: error: unrecognized command line option '-V'
gcc: fatal error: no input files
compilation terminated.
configure:2934: $? = 4
configure:2923: gcc -qversion >&5
gcc: error: unrecognized command line option '-qversion'
gcc: fatal error: no input files
compilation terminated.
configure:2934: $? = 4
configure:2954: checking whether the C compiler works
configure:2976: gcc    conftest.c  >&5
configure:2980: $? = 0
configure:3028: result: yes
configure:3031: checking for C compiler default output file name
configure:3033: result: a.out
configure:3039: checking for suffix of executables
configure:3046: gcc -o conftest    conftest.c  >&5
configure:3050: $? = 0
configure:3072: result: 
configure:3094: checking whether we are cross compiling
configure:3102: gcc -o conftest    conftest.c  >&5
configure:3106: $? = 0
configure:3113: ./conftest
configure:3117: $? = 0
configure:3132: result: no
configure:3137: checking for suffix of object files
configure:3159: gcc -c   conftest.c >&5
configure:3163: $? = 0
configure:3184: result: o
configure:3188: checking whether we are using the GNU C compiler
configure:3207: gcc -c   conftest.c >&5
configure:3207: $? = 0
configure:3216: result: yes
configure:3225: checking whether gcc accepts -g
configure:3245: gcc -c -g  conftest.c >&5
configure:3245: $? = 0
configure:3286: result: yes
configure:3303: checking for gcc option to accept ISO C89
configure:3366: gcc  -c -g -O2  conftest.c >&5
configure:3366: $? = 0
configure:3379: result: none needed
configure:3404: checking how to run the C preprocessor
configure:3435: gcc -E  conftest.c
configure:3435: $? = 0
configure:3449: gcc -E  conftest.c
conftest.c:9:28: fatal error: ac_nonexistent.h: No such file or directory
 #include <ac_nonexistent.h>
                            ^
compilation terminated.
configure:3449: $? = 1
configure: failed program was:
| /* confdefs.h */
| #define PACKAGE_NAME "FreeType"
| #define PACKAGE_TARNAME "freetype"
| #define PACKAGE_VERSION "2.7"
| #define PACKAGE_STRING "FreeType 2.7"
| #define PACKAGE_BUGREPORT "freetype@nongnu.org"
| #define PACKAGE_URL ""
| /* end confdefs.h.  */
| #include <ac_nonexistent.h>
configure:3474: result: gcc -E
configure:3494: gcc -E  conftest.c
configure:3494: $? = 0
configure:3508: gcc -E  conftest.c
conftest.c:9:28: fatal error: ac_nonexistent.h: No such file or directory
 #include <ac_nonexistent.h>
                            ^
compilation terminated.
configure:3508: $? = 1
configure: failed program was:
| /* confdefs.h */
| #define PACKAGE_NAME "FreeType"
| #define PACKAGE_TARNAME "freetype"
| #define PACKAGE_VERSION "2.7"
| #define PACKAGE_STRING "FreeType 2.7"
| #define PACKAGE_BUGREPORT "freetype@nongnu.org"
| #define PACKAGE_URL ""
| /* end confdefs.h.  */
| #include <ac_nonexistent.h>
configure:3592: checking for pkg-config
configure:3610: found /usr/bin/pkg-config
configure:3622: result: /usr/bin/pkg-config
configure:3647: checking pkg-config is at least version 0.24
configure:3650: result: yes
configure:3705: checking how to print strings
configure:3732: result: printf
configure:3753: checking for a sed that does not truncate output
configure:3817: result: /bin/sed
configure:3835: checking for grep that handles long lines and -e
configure:3893: result: /bin/grep
configure:3898: checking for egrep
configure:3960: result: /bin/grep -E
configure:3965: checking for fgrep
configure:4027: result: /bin/grep -F
configure:4062: checking for ld used by gcc
configure:4129: result: /usr/bin/ld
configure:4136: checking if the linker (/usr/bin/ld) is GNU ld
configure:4151: result: yes
configure:4163: checking for BSD- or MS-compatible name lister (nm)
configure:4217: result: /usr/bin/nm -B
configure:4347: checking the name lister (/usr/bin/nm -B) interface
configure:4354: gcc -c -g -O2  conftest.c >&5
configure:4357: /usr/bin/nm -B "conftest.o"
configure:4360: output
00000000 B some_variable
configure:4367: result: BSD nm
configure:4370: checking whether ln -s works
configure:4374: result: yes
configure:4382: checking the maximum length of command line arguments
configure:4513: result: 805306365
configure:4561: checking how to convert i686-pc-linux-gnu file names to i686-pc-linux-gnu format
configure:4601: result: func_convert_file_noop
configure:4608: checking how to convert i686-pc-linux-gnu file names to toolchain format
configure:4628: result: func_convert_file_noop
configure:4635: checking for /usr/bin/ld option to reload object files
configure:4642: result: -r
configure:4716: checking for objdump
configure:4732: found /usr/bin/objdump
configure:4743: result: objdump
configure:4772: checking how to recognize dependent libraries
configure:4972: result: pass_all
configure:5057: checking for dlltool
configure:5087: result: no
configure:5114: checking how to associate runtime and link libraries
configure:5141: result: printf %s\n
configure:5202: checking for ar
configure:5218: found /usr/bin/ar
configure:5229: result: ar
configure:5266: checking for archiver @FILE support
configure:5283: gcc -c -g -O2  conftest.c >&5
configure:5283: $? = 0
configure:5286: ar cru libconftest.a @conftest.lst >&5
configure:5289: $? = 0
configure:5294: ar cru libconftest.a @conftest.lst >&5
ar: conftest.o: No such file or directory
configure:5297: $? = 1
configure:5309: result: @
configure:5367: checking for strip
configure:5383: found /usr/bin/strip
configure:5394: result: strip
configure:5466: checking for ranlib
configure:5482: found /usr/bin/ranlib
configure:5493: result: ranlib
configure:5570: checking for gawk
configure:5600: result: no
configure:5570: checking for mawk
configure:5586: found /usr/bin/mawk
configure:5597: result: mawk
configure:5637: checking command to parse /usr/bin/nm -B output from gcc object
configure:5790: gcc -c -g -O2  conftest.c >&5
configure:5793: $? = 0
configure:5797: /usr/bin/nm -B conftest.o \| sed -n -e 's/^.*[ ]\([ABCDGIRSTW][ABCDGIRSTW]*\)[ ][ ]*\([_A-Za-z][_A-Za-z0-9]*\)$/\1 \2 \2/p' | sed '/ __gnu_lto/d' \> conftest.nm
configure:5800: $? = 0
configure:5866: gcc -o conftest -g -O2   conftest.c conftstm.o >&5
configure:5869: $? = 0
configure:5907: result: ok
configure:5954: checking for sysroot
configure:5984: result: no
configure:5991: checking for a working dd
configure:6029: result: /bin/dd
configure:6033: checking how to truncate binary pipes
configure:6048: result: /bin/dd bs=4096 count=1
configure:6377: checking for mt
configure:6393: found /bin/mt
configure:6404: result: mt
configure:6427: checking if mt is a manifest tool
configure:6433: mt '-?'
configure:6441: result: no
configure:7114: checking for ANSI C header files
configure:7134: gcc -c -g -O2  conftest.c >&5
configure:7134: $? = 0
configure:7207: gcc -o conftest -g -O2   conftest.c  >&5
configure:7207: $? = 0
configure:7207: ./conftest
configure:7207: $? = 0
configure:7218: result: yes
configure:7231: checking for sys/types.h
configure:7231: gcc -c -g -O2  conftest.c >&5
configure:7231: $? = 0
configure:7231: result: yes
configure:7231: checking for sys/stat.h
configure:7231: gcc -c -g -O2  conftest.c >&5
configure:7231: $? = 0
configure:7231: result: yes
configure:7231: checking for stdlib.h
configure:7231: gcc -c -g -O2  conftest.c >&5
configure:7231: $? = 0
configure:7231: result: yes
configure:7231: checking for string.h
configure:7231: gcc -c -g -O2  conftest.c >&5
configure:7231: $? = 0
configure:7231: result: yes

## ---------------- ##
## Cache variables. ##
## ---------------- ##

ac_cv_build=i686-pc-linux-gnu
ac_cv_c_compiler_gnu=yes
ac_cv_env_BZIP2_CFLAGS_set=
ac_cv_env_BZIP2_CFLAGS_value=
ac_cv_env_BZIP2_LIBS_set=
ac_cv_env_BZIP2_LIBS_value=
ac_cv_env_CC_set=
ac_cv_env_CC_value=
ac_cv_env_CFLAGS_set=
ac_cv_env_CFLAGS_value=
ac_cv_env_CPPFLAGS_set=
ac_cv_env_CPPFLAGS_value=
ac_cv_env_CPP_set=
ac_cv_env_CPP_value=
ac_cv_env_HARFBUZZ_CFLAGS_set=
ac_cv_env_HARFBUZZ_CFLAGS_value=
ac_cv_env_HARFBUZZ_LIBS_set=
ac_cv_env_HARFBUZZ_LIBS_value=
ac_cv_env_LDFLAGS_set=
ac_cv_env_LDFLAGS_value=
ac_cv_env_LIBPNG_CFLAGS_set=
ac_cv_env_LIBPNG_CFLAGS_value=
ac_cv_env_LIBPNG_LIBS_set=
ac_cv_env_LIBPNG_LIBS_value=
ac_cv_env_LIBS_set=
ac_cv_env_LIBS_value=
ac_cv_env_LT_SYS_LIBRARY_PATH_set=
ac_cv_env_LT_SYS_LIBRARY_PATH_value=
ac_cv_env_PKG_CONFIG_LIBDIR_set=
ac_cv_env_PKG_CONFIG_LIBDIR_value=
ac_cv_env_PKG_CONFIG_PATH_set=
ac_cv_env_PKG_CONFIG_PATH_value=
ac_cv_env_PKG_CONFIG_set=
ac_cv_env_PKG_CONFIG_value=
ac_cv_env_ZLIB_CFLAGS_set=
ac_cv_env_ZLIB_CFLAGS_value=
ac_cv_env_ZLIB_LIBS_set=
ac_cv_env_ZLIB_LIBS_value=
ac_cv_env_build_alias_set=
ac_cv_env_build_alias_value=
ac_cv_env_host_alias_set=
ac_cv_env_host_alias_value=
ac_cv_env_target_alias_set=
ac_cv_env_target_alias_value=
ac_cv_header_stdc=yes
ac_cv_header_stdlib_h=yes
ac_cv_header_string_h=yes
ac_cv_header_sys_stat_h=yes
ac_cv_header_sys_types_h=yes
ac_cv_host=i686-pc-linux-gnu
ac_cv_objext=o
ac_cv_path_EGREP='/bin/grep -E'
ac_cv_path_FGREP='/bin/grep -F'
ac_cv_path_GREP=/bin/grep
ac_cv_path_SED=/bin/sed
ac_cv_path_ac_pt_PKG_CONFIG=/usr/bin/pkg-config
ac_cv_path_lt_DD=/bin/dd
ac_cv_prog_AWK=mawk
ac_cv_prog_CPP='gcc -E'
ac_cv_prog_ac_ct_AR=ar
ac_cv_prog_ac_ct_CC=gcc
ac_cv_prog_ac_ct_MANIFEST_TOOL=mt
ac_cv_prog_ac_ct_OBJDUMP=objdump
ac_cv_prog_ac_ct_RANLIB=ranlib
ac_cv_prog_ac_ct_STRIP=strip
ac_cv_prog_cc_c89=
ac_cv_prog_cc_g=yes
lt_cv_ar_at_file=@
lt_cv_deplibs_check_method=pass_all
lt_cv_file_magic_cmd='$MAGIC_CMD'
lt_cv_file_magic_test_file=
lt_cv_ld_reload_flag=-r
lt_cv_nm_interface='BSD nm'
lt_cv_path_LD=/usr/bin/ld
lt_cv_path_NM='/usr/bin/nm -B'
lt_cv_path_mainfest_tool=no
lt_cv_prog_gnu_ld=yes
lt_cv_sharedlib_from_linklib_cmd='printf %s\n'
lt_cv_sys_global_symbol_pipe='sed -n -e '\''s/^.*[	 ]\([ABCDGIRSTW][ABCDGIRSTW]*\)[	 ][	 ]*\([_A-Za-z][_A-Za-z0-9]*\)$/\1 \2 \2/p'\'' | sed '\''/ __gnu_lto/d'\'''
lt_cv_sys_global_symbol_to_c_name_address='sed -n -e '\''s/^: \(.*\) .*$/  {"\1", (void *) 0},/p'\'' -e '\''s/^[ABCDGIRSTW][ABCDGIRSTW]* .* \(.*\)$/  {"\1", (void *) \&\1},/p'\'''
lt_cv_sys_global_symbol_to_c_name_address_lib_prefix='sed -n -e '\''s/^: \(.*\) .*$/  {"\1", (void *) 0},/p'\'' -e '\''s/^[ABCDGIRSTW][ABCDGIRSTW]* .* \(lib.*\)$/  {"\1", (void *) \&\1},/p'\'' -e '\''s/^[ABCDGIRSTW][ABCDGIRSTW]* .* \(.*\)$/  {"lib\1", (void *) \&\1},/p'\'''
lt_cv_sys_global_symbol_to_cdecl='sed -n -e '\''s/^T .* \(.*\)$/extern int \1();/p'\'' -e '\''s/^[ABCDGIRSTW][ABCDGIRSTW]* .* \(.*\)$/extern char \1;/p'\'''
lt_cv_sys_global_symbol_to_import=
lt_cv_sys_max_cmd_len=805306365
lt_cv_to_host_file_cmd=func_convert_file_noop
lt_cv_to_tool_file_cmd=func_convert_file_noop
lt_cv_truncate_bin='/bin/dd bs=4096 count=1'

## ----------------- ##
## Output variables. ##
## ----------------- ##

AR='ar'
AS=''
AWK='mawk'
BZIP2_CFLAGS=''
BZIP2_LIBS=''
CC='gcc'
CC_BUILD=''
CFLAGS='-g -O2'
CPP='gcc -E'
CPPFLAGS=''
DEFS=''
DLLTOOL='false'
DSYMUTIL=''
DUMPBIN=''
ECHO_C=''
ECHO_N='-n'
ECHO_T=''
EGREP='/bin/grep -E'
EXEEXT=''
EXEEXT_BUILD=''
FGREP='/bin/grep -F'
FTSYS_SRC=''
GREP='/bin/grep'
HARFBUZZ_CFLAGS=''
HARFBUZZ_LIBS=''
INSTALL_DATA=''
INSTALL_PROGRAM=''
INSTALL_SCRIPT=''
LD='/usr/bin/ld'
LDFLAGS=''
LIBOBJS=''
LIBPNG_CFLAGS=''
LIBPNG_LIBS=''
LIBS=''
LIBSSTATIC_CONFIG=''
LIBS_PRIVATE=''
LIBTOOL=''
LIPO=''
LN_S='ln -s'
LTLIBOBJS=''
LT_SYS_LIBRARY_PATH=''
MANIFEST_TOOL=':'
MKDIR_P=''
NM='/usr/bin/nm -B'
NMEDIT=''
OBJDUMP='objdump'
OBJEXT='o'
OTOOL64=''
OTOOL=''
PACKAGE_BUGREPORT='freetype@nongnu.org'
PACKAGE_NAME='FreeType'
PACKAGE_STRING='FreeType 2.7'
PACKAGE_TARNAME='freetype'
PACKAGE_URL=''
PACKAGE_VERSION='2.7'
PATH_SEPARATOR=':'
PKG_CONFIG='/usr/bin/pkg-config'
PKG_CONFIG_LIBDIR=''
PKG_CONFIG_PATH=''
RANLIB='ranlib'
REQUIRES_PRIVATE=''
SED='/bin/sed'
SHELL='/bin/bash'
STRIP='strip'
XX_ANSIFLAGS=''
XX_CFLAGS=''
ZLIB_CFLAGS=''
ZLIB_LIBS=''
ac_ct_AR='ar'
ac_ct_CC='gcc'
ac_ct_DUMPBIN=''
bindir='${exec_prefix}/bin'
build='i686-pc-linux-gnu'
build_alias=''
build_cpu='i686'
build_libtool_libs=''
build_os='linux-gnu'
build_vendor='pc'
datadir='${datarootdir}'
datarootdir='${prefix}/share'
docdir='${datarootdir}/doc/${PACKAGE_TARNAME}'
dvidir='${docdir}'
exec_prefix='NONE'
ft_version='18.6.12'
ftmac_c=''
hardcode_libdir_flag_spec=''
host='i686-pc-linux-gnu'
host_alias=''
host_cpu='i686'
host_os='linux-gnu'
host_vendor='pc'
htmldir='${docdir}'
includedir='${prefix}/include'
infodir='${datarootdir}/info'
libdir='${exec_prefix}/lib'
libexecdir='${exec_prefix}/libexec'
localedir='${datarootdir}/locale'
localstatedir='${prefix}/var'
mandir='${datarootdir}/man'
oldincludedir='/usr/include'
pdfdir='${docdir}'
prefix='NONE'
program_transform_name='s,x,x,'
psdir='${docdir}'
sbindir='${exec_prefix}/sbin'
sharedstatedir='${prefix}/com'
sysconfdir='${prefix}/etc'
target_alias=''
version_info='18:6:12'
wl=''

## ----------- ##
## confdefs.h. ##
## ----------- ##

/* confdefs.h */
#define PACKAGE_NAME "FreeType"
#define PACKAGE_TARNAME "freetype"
#define PACKAGE_VERSION "2.7"
#define PACKAGE_STRING "FreeType 2.7"
#define PACKAGE_BUGREPORT "freetype@nongnu.org"
#define PACKAGE_URL ""
#define STDC_HEADERS 1
#define HAVE_SYS_TYPES_H 1
#define HAVE_SYS_STAT_H 1
#define HAVE_STDLIB_H 1
#define HAVE_STRING_H 1

configure: caught signal 2
configure: exit 1
