  alutWaveform.c
c:\users\sephirot47\downloads\freealut-1.1.0\freealut-1.1.0\src\alutwaveform.c(148): warning C4273: 'alutLoadMemoryWaveform': inconsistent dll linkage
  c:\users\sephirot47\bang\include\al\alut.h(99): note: see previous definition of 'alutLoadMemoryWaveform'
c:\users\sephirot47\downloads\freealut-1.1.0\freealut-1.1.0\src\alutwaveform.c(185): warning C4273: 'alutCreateBufferWaveform': inconsistent dll linkage
  c:\users\sephirot47\bang\include\al\alut.h(94): note: see previous definition of 'alutCreateBufferWaveform'
c:\users\sephirot47\downloads\freealut-1.1.0\freealut-1.1.0\src\alutwaveform.c(921): warning C4273: 'alutLoadMemoryHelloWorld': inconsistent dll linkage
  c:\users\sephirot47\bang\include\al\alut.h(98): note: see previous definition of 'alutLoadMemoryHelloWorld'
c:\users\sephirot47\downloads\freealut-1.1.0\freealut-1.1.0\src\alutwaveform.c(932): warning C4273: 'alutCreateBufferHelloWorld': inconsistent dll linkage
  c:\users\sephirot47\bang\include\al\alut.h(93): note: see previous definition of 'alutCreateBufferHelloWorld'
  alutVersion.c
c:\users\sephirot47\downloads\freealut-1.1.0\freealut-1.1.0\src\alutversion.c(5): warning C4273: 'alutGetMajorVersion': inconsistent dll linkage
  c:\users\sephirot47\bang\include\al\alut.h(103): note: see previous definition of 'alutGetMajorVersion'
c:\users\sephirot47\downloads\freealut-1.1.0\freealut-1.1.0\src\alutversion.c(11): warning C4273: 'alutGetMinorVersion': inconsistent dll linkage
  c:\users\sephirot47\bang\include\al\alut.h(104): note: see previous definition of 'alutGetMinorVersion'
  alutUtil.c
c:\users\sephirot47\downloads\freealut-1.1.0\freealut-1.1.0\src\alututil.c(7): warning C4273: 'alutSleep': inconsistent dll linkage
  c:\users\sephirot47\bang\include\al\alut.h(106): note: see previous definition of 'alutSleep'
  alutOutputStream.c
  alutLoader.c
c:\users\sephirot47\downloads\freealut-1.1.0\freealut-1.1.0\src\alutloader.c(328): warning C4273: 'alutCreateBufferFromFile': inconsistent dll linkage
  c:\users\sephirot47\bang\include\al\alut.h(91): note: see previous definition of 'alutCreateBufferFromFile'
c:\users\sephirot47\downloads\freealut-1.1.0\freealut-1.1.0\src\alutloader.c(340): warning C4273: 'alutCreateBufferFromFileImage': inconsistent dll linkage
  c:\users\sephirot47\bang\include\al\alut.h(92): note: see previous definition of 'alutCreateBufferFromFileImage'
c:\users\sephirot47\downloads\freealut-1.1.0\freealut-1.1.0\src\alutloader.c(401): warning C4273: 'alutLoadMemoryFromFile': inconsistent dll linkage
  c:\users\sephirot47\bang\include\al\alut.h(96): note: see previous definition of 'alutLoadMemoryFromFile'
c:\users\sephirot47\downloads\freealut-1.1.0\freealut-1.1.0\src\alutloader.c(415): warning C4273: 'alutLoadMemoryFromFileImage': inconsistent dll linkage
  c:\users\sephirot47\bang\include\al\alut.h(97): note: see previous definition of 'alutLoadMemoryFromFileImage'
c:\users\sephirot47\downloads\freealut-1.1.0\freealut-1.1.0\src\alutloader.c(436): warning C4273: 'alutLoadWAVFile': inconsistent dll linkage
  c:\users\sephirot47\bang\include\al\alut.h(113): note: see previous definition of 'alutLoadWAVFile'
c:\users\sephirot47\downloads\freealut-1.1.0\freealut-1.1.0\src\alutloader.c(469): warning C4273: 'alutLoadWAVMemory': inconsistent dll linkage
  c:\users\sephirot47\bang\include\al\alut.h(114): note: see previous definition of 'alutLoadWAVMemory'
c:\users\sephirot47\downloads\freealut-1.1.0\freealut-1.1.0\src\alutloader.c(499): warning C4273: 'alutUnloadWAV': inconsistent dll linkage
  c:\users\sephirot47\bang\include\al\alut.h(116): note: see previous definition of 'alutUnloadWAV'
c:\users\sephirot47\downloads\freealut-1.1.0\freealut-1.1.0\src\alutloader.c(507): warning C4273: 'alutGetMIMETypes': inconsistent dll linkage
  c:\users\sephirot47\bang\include\al\alut.h(101): note: see previous definition of 'alutGetMIMETypes'
  alutInputStream.c
  alutInit.c
c:\users\sephirot47\downloads\freealut-1.1.0\freealut-1.1.0\src\alutinit.c(51): warning C4273: 'alutInit': inconsistent dll linkage
  c:\users\sephirot47\bang\include\al\alut.h(84): note: see previous definition of 'alutInit'
c:\users\sephirot47\downloads\freealut-1.1.0\freealut-1.1.0\src\alutinit.c(97): warning C4273: 'alutInitWithoutContext': inconsistent dll linkage
  c:\users\sephirot47\bang\include\al\alut.h(85): note: see previous definition of 'alutInitWithoutContext'
c:\users\sephirot47\downloads\freealut-1.1.0\freealut-1.1.0\src\alutinit.c(116): warning C4273: 'alutExit': inconsistent dll linkage
  c:\users\sephirot47\bang\include\al\alut.h(86): note: see previous definition of 'alutExit'
  alutError.c
c:\users\sephirot47\downloads\freealut-1.1.0\freealut-1.1.0\src\aluterror.c(23): warning C4273: 'alutGetError': inconsistent dll linkage
  c:\users\sephirot47\bang\include\al\alut.h(88): note: see previous definition of 'alutGetError'
c:\users\sephirot47\downloads\freealut-1.1.0\freealut-1.1.0\src\aluterror.c(31): warning C4273: 'alutGetErrorString': inconsistent dll linkage
  c:\users\sephirot47\bang\include\al\alut.h(89): note: see previous definition of 'alutGetErrorString'
  alutCodec.c
  alutBufferData.c
  Generating Code...
  Alut.vcxproj -> C:\Users\sephirot47\Downloads\freealut-1.1.0\freealut-1.1.0\Alut\x64\Debug\Alut.lib
